<?xml version="1.0" encoding="UTF-8"?>
<coverage generated="1686294892439" clover="3.2.0">
  <project timestamp="1686294892441" name="All files">
    <metrics statements="37" coveredstatements="37" conditionals="10" coveredconditionals="10" methods="5" coveredmethods="5" elements="52" coveredelements="52" complexity="0" loc="37" ncloc="37" packages="1" files="1" classes="1"/>
    <file name="generator.js" path="/mnt/c/Users/konstantin/hexlet-practice/src/generator.js">
      <metrics statements="37" coveredstatements="37" conditionals="10" coveredconditionals="10" methods="5" coveredmethods="5"/>
      <line num="1" count="1" type="stmt"/>
      <line num="2" count="1" type="stmt"/>
      <line num="3" count="1" type="stmt"/>
      <line num="4" count="1" type="stmt"/>
      <line num="6" count="625" type="stmt"/>
      <line num="8" count="80" type="stmt"/>
      <line num="10" count="1" type="stmt"/>
      <line num="11" count="625" type="stmt"/>
      <line num="12" count="625" type="stmt"/>
      <line num="13" count="625" type="stmt"/>
      <line num="14" count="625" type="stmt"/>
      <line num="17" count="1" type="stmt"/>
      <line num="18" count="80" type="stmt"/>
      <line num="19" count="80" type="stmt"/>
      <line num="20" count="80" type="stmt"/>
      <line num="21" count="80" type="cond" truecount="2" falsecount="0"/>
      <line num="22" count="66" type="stmt"/>
      <line num="24" count="80" type="cond" truecount="2" falsecount="0"/>
      <line num="25" count="52" type="stmt"/>
      <line num="27" count="80" type="cond" truecount="2" falsecount="0"/>
      <line num="28" count="52" type="stmt"/>
      <line num="30" count="80" type="cond" truecount="2" falsecount="0"/>
      <line num="31" count="28" type="stmt"/>
      <line num="33" count="80" type="stmt"/>
      <line num="34" count="80" type="stmt"/>
      <line num="35" count="625" type="cond" truecount="2" falsecount="0"/>
      <line num="36" count="4" type="stmt"/>
      <line num="38" count="625" type="stmt"/>
      <line num="39" count="625" type="stmt"/>
      <line num="40" count="625" type="stmt"/>
      <line num="42" count="80" type="stmt"/>
      <line num="43" count="80" type="stmt"/>
      <line num="46" count="1" type="stmt"/>
      <line num="47" count="1" type="stmt"/>
      <line num="48" count="10" type="stmt"/>
      <line num="52" count="1" type="stmt"/>
      <line num="56" count="1" type="stmt"/>
    </file>
  </project>
</coverage>
