{"/mnt/c/Users/konstantin/hexlet-practice/src/generator.js": {"path":"/mnt/c/Users/konstantin/hexlet-practice/src/generator.js","statementMap":{"0":{"start":{"line":1,"column":15},"end":{"line":1,"column":27}},"1":{"start":{"line":2,"column":18},"end":{"line":2,"column":46}},"2":{"start":{"line":3,"column":18},"end":{"line":3,"column":46}},"3":{"start":{"line":4,"column":16},"end":{"line":4,"column":51}},"4":{"start":{"line":6,"column":21},"end":{"line":6,"column":84}},"5":{"start":{"line":6,"column":35},"end":{"line":6,"column":84}},"6":{"start":{"line":8,"column":23},"end":{"line":8,"column":89}},"7":{"start":{"line":8,"column":45},"end":{"line":8,"column":89}},"8":{"start":{"line":10,"column":28},"end":{"line":15,"column":1}},"9":{"start":{"line":11,"column":15},"end":{"line":11,"column":27}},"10":{"start":{"line":12,"column":18},"end":{"line":12,"column":47}},"11":{"start":{"line":13,"column":2},"end":{"line":13,"column":23}},"12":{"start":{"line":14,"column":2},"end":{"line":14,"column":31}},"13":{"start":{"line":17,"column":18},"end":{"line":44,"column":1}},"14":{"start":{"line":18,"column":17},"end":{"line":18,"column":19}},"15":{"start":{"line":19,"column":14},"end":{"line":19,"column":16}},"16":{"start":{"line":20,"column":17},"end":{"line":20,"column":33}},"17":{"start":{"line":21,"column":2},"end":{"line":23,"column":3}},"18":{"start":{"line":22,"column":4},"end":{"line":22,"column":20}},"19":{"start":{"line":24,"column":2},"end":{"line":26,"column":3}},"20":{"start":{"line":25,"column":4},"end":{"line":25,"column":23}},"21":{"start":{"line":27,"column":2},"end":{"line":29,"column":3}},"22":{"start":{"line":28,"column":4},"end":{"line":28,"column":23}},"23":{"start":{"line":30,"column":2},"end":{"line":32,"column":3}},"24":{"start":{"line":31,"column":4},"end":{"line":31,"column":21}},"25":{"start":{"line":33,"column":18},"end":{"line":33,"column":23}},"26":{"start":{"line":34,"column":2},"end":{"line":41,"column":3}},"27":{"start":{"line":34,"column":15},"end":{"line":34,"column":16}},"28":{"start":{"line":35,"column":4},"end":{"line":37,"column":5}},"29":{"start":{"line":36,"column":6},"end":{"line":36,"column":24}},"30":{"start":{"line":38,"column":24},"end":{"line":38,"column":61}},"31":{"start":{"line":39,"column":4},"end":{"line":39,"column":46}},"32":{"start":{"line":40,"column":4},"end":{"line":40,"column":60}},"33":{"start":{"line":42,"column":21},"end":{"line":42,"column":66}},"34":{"start":{"line":43,"column":2},"end":{"line":43,"column":34}},"35":{"start":{"line":46,"column":23},"end":{"line":50,"column":1}},"36":{"start":{"line":47,"column":2},"end":{"line":49,"column":3}},"37":{"start":{"line":47,"column":15},"end":{"line":47,"column":16}},"38":{"start":{"line":48,"column":4},"end":{"line":48,"column":35}},"39":{"start":{"line":52,"column":19},"end":{"line":54,"column":1}},"40":{"start":{"line":56,"column":0},"end":{"line":56,"column":31}}},"fnMap":{"0":{"name":"(anonymous_0)","decl":{"start":{"line":6,"column":21},"end":{"line":6,"column":22}},"loc":{"start":{"line":6,"column":35},"end":{"line":6,"column":84}},"line":6},"1":{"name":"(anonymous_1)","decl":{"start":{"line":8,"column":23},"end":{"line":8,"column":24}},"loc":{"start":{"line":8,"column":45},"end":{"line":8,"column":89}},"line":8},"2":{"name":"(anonymous_2)","decl":{"start":{"line":10,"column":28},"end":{"line":10,"column":29}},"loc":{"start":{"line":10,"column":46},"end":{"line":15,"column":1}},"line":10},"3":{"name":"(anonymous_3)","decl":{"start":{"line":17,"column":18},"end":{"line":17,"column":19}},"loc":{"start":{"line":17,"column":30},"end":{"line":44,"column":1}},"line":17},"4":{"name":"(anonymous_4)","decl":{"start":{"line":46,"column":23},"end":{"line":46,"column":24}},"loc":{"start":{"line":46,"column":40},"end":{"line":50,"column":1}},"line":46}},"branchMap":{"0":{"loc":{"start":{"line":21,"column":2},"end":{"line":23,"column":3}},"type":"if","locations":[{"start":{"line":21,"column":2},"end":{"line":23,"column":3}},{"start":{},"end":{}}],"line":21},"1":{"loc":{"start":{"line":24,"column":2},"end":{"line":26,"column":3}},"type":"if","locations":[{"start":{"line":24,"column":2},"end":{"line":26,"column":3}},{"start":{},"end":{}}],"line":24},"2":{"loc":{"start":{"line":27,"column":2},"end":{"line":29,"column":3}},"type":"if","locations":[{"start":{"line":27,"column":2},"end":{"line":29,"column":3}},{"start":{},"end":{}}],"line":27},"3":{"loc":{"start":{"line":30,"column":2},"end":{"line":32,"column":3}},"type":"if","locations":[{"start":{"line":30,"column":2},"end":{"line":32,"column":3}},{"start":{},"end":{}}],"line":30},"4":{"loc":{"start":{"line":35,"column":4},"end":{"line":37,"column":5}},"type":"if","locations":[{"start":{"line":35,"column":4},"end":{"line":37,"column":5}},{"start":{},"end":{}}],"line":35}},"s":{"0":1,"1":1,"2":1,"3":1,"4":1,"5":625,"6":1,"7":80,"8":1,"9":625,"10":625,"11":625,"12":625,"13":1,"14":80,"15":80,"16":80,"17":80,"18":66,"19":80,"20":52,"21":80,"22":52,"23":80,"24":28,"25":80,"26":80,"27":80,"28":625,"29":4,"30":625,"31":625,"32":625,"33":80,"34":80,"35":1,"36":1,"37":1,"38":10,"39":1,"40":1},"f":{"0":625,"1":80,"2":625,"3":80,"4":1},"b":{"0":[66,14],"1":[52,28],"2":[52,28],"3":[28,52],"4":[4,621]},"_coverageSchema":"1a1c01bbd47fc00a2c39e90264f33305004495a9","hash":"fd0bec4f32a3737b3a47d6d05185cd66ad769b76"}
}
