TN:
SF:src/generator.js
FN:6,(anonymous_0)
FN:8,(anonymous_1)
FN:10,(anonymous_2)
FN:17,(anonymous_3)
FN:46,(anonymous_4)
FNF:5
FNH:5
FNDA:625,(anonymous_0)
FNDA:80,(anonymous_1)
FNDA:625,(anonymous_2)
FNDA:80,(anonymous_3)
FNDA:1,(anonymous_4)
DA:1,1
DA:2,1
DA:3,1
DA:4,1
DA:6,625
DA:8,80
DA:10,1
DA:11,625
DA:12,625
DA:13,625
DA:14,625
DA:17,1
DA:18,80
DA:19,80
DA:20,80
DA:21,80
DA:22,66
DA:24,80
DA:25,52
DA:27,80
DA:28,52
DA:30,80
DA:31,28
DA:33,80
DA:34,80
DA:35,625
DA:36,4
DA:38,625
DA:39,625
DA:40,625
DA:42,80
DA:43,80
DA:46,1
DA:47,1
DA:48,10
DA:52,1
DA:56,1
LF:37
LH:37
BRDA:21,0,0,66
BRDA:21,0,1,14
BRDA:24,1,0,52
BRDA:24,1,1,28
BRDA:27,2,0,52
BRDA:27,2,1,28
BRDA:30,3,0,28
BRDA:30,3,1,52
BRDA:35,4,0,4
BRDA:35,4,1,621
BRF:10
BRH:10
end_of_record
